<?xml version="1.0" encoding="UTF-8"?>
<!-- Generated by org.testng.reporters.JUnitXMLReporter -->
<testsuite ignored="0" hostname="LAPTOP-OUKH0HKJ" failures="1" tests="13" name="Default test" time="11.719" errors="0" timestamp="2026-05-09T17:17:47 IST">
  <testcase classname="tests.CreateObjectMultiple" name="createObject" time="4.951"/>
  <testcase classname="tests.CreateObjectMultiple" name="createObject" time="4.951"/>
  <testcase classname="tests.GetObjects" name="getObjects" time="0.707"/>
  <testcase classname="testWithAuthentication.RegsiterUser" name="regsiterUser" time="0.444">
    <failure type="java.lang.AssertionError" message="1 expectation failed.
Expected status code &amp;lt;200&amp;gt; but was &amp;lt;409&amp;gt;.
">
      <![CDATA[java.lang.AssertionError: 1 expectation failed.
Expected status code <200> but was <409>.

at java.base/jdk.internal.reflect.DirectConstructorHandleAccessor.newInstance(DirectConstructorHandleAccessor.java:62)
at java.base/java.lang.reflect.Constructor.newInstanceWithCaller(Constructor.java:502)
at java.base/java.lang.reflect.Constructor.newInstance(Constructor.java:486)
at org.codehaus.groovy.reflection.CachedConstructor.invoke(CachedConstructor.java:73)
at org.codehaus.groovy.runtime.callsite.ConstructorSite$ConstructorSiteNoUnwrapNoCoerce.callConstructor(ConstructorSite.java:108)
at org.codehaus.groovy.runtime.callsite.CallSiteArray.defaultCallConstructor(CallSiteArray.java:57)
at org.codehaus.groovy.runtime.callsite.AbstractCallSite.callConstructor(AbstractCallSite.java:263)
at org.codehaus.groovy.runtime.callsite.AbstractCallSite.callConstructor(AbstractCallSite.java:277)
at io.restassured.internal.ResponseSpecificationImpl$HamcrestAssertionClosure.validate(ResponseSpecificationImpl.groovy:512)
at io.restassured.internal.ResponseSpecificationImpl$HamcrestAssertionClosure$validate$3.call(Unknown Source)
at io.restassured.internal.ResponseSpecificationImpl.validate(ResponseSpecificationImpl.groovy:101)
at io.restassured.internal.ValidatableResponseOptionsImpl.spec(ValidatableResponseOptionsImpl.java:288)
at testWithAuthentication.RegsiterUser.regsiterUser(RegsiterUser.java:29)
at java.base/jdk.internal.reflect.DirectMethodHandleAccessor.invoke(DirectMethodHandleAccessor.java:103)
at java.base/java.lang.reflect.Method.invoke(Method.java:580)
at org.testng.internal.invokers.MethodInvocationHelper.invokeMethod(MethodInvocationHelper.java:141)
at org.testng.internal.invokers.TestInvoker.invokeMethod(TestInvoker.java:686)
at org.testng.internal.invokers.TestInvoker.invokeTestMethod(TestInvoker.java:230)
at org.testng.internal.invokers.MethodRunner.runInSequence(MethodRunner.java:63)
at org.testng.internal.invokers.TestInvoker$MethodInvocationAgent.invoke(TestInvoker.java:992)
at org.testng.internal.invokers.TestInvoker.invokeTestMethods(TestInvoker.java:203)
at org.testng.internal.invokers.TestMethodWorker.invokeTestMethods(TestMethodWorker.java:154)
at org.testng.internal.invokers.TestMethodWorker.run(TestMethodWorker.java:134)
at java.base/java.util.ArrayList.forEach(ArrayList.java:1596)
at org.testng.TestRunner.privateRun(TestRunner.java:739)
at org.testng.TestRunner.run(TestRunner.java:614)
at org.testng.SuiteRunner.runTest(SuiteRunner.java:421)
at org.testng.SuiteRunner.runSequentially(SuiteRunner.java:413)
at org.testng.SuiteRunner.privateRun(SuiteRunner.java:373)
at org.testng.SuiteRunner.run(SuiteRunner.java:312)
at org.testng.SuiteRunnerWorker.runSuite(SuiteRunnerWorker.java:52)
at org.testng.SuiteRunnerWorker.run(SuiteRunnerWorker.java:95)
at org.testng.TestNG.runSuitesSequentially(TestNG.java:1274)
at org.testng.TestNG.runSuitesLocally(TestNG.java:1208)
at org.testng.TestNG.runSuites(TestNG.java:1112)
at org.testng.TestNG.run(TestNG.java:1079)
at org.testng.remote.AbstractRemoteTestNG.run(AbstractRemoteTestNG.java:115)
at org.testng.remote.RemoteTestNG.initAndRun(RemoteTestNG.java:293)
at org.testng.remote.RemoteTestNG.main(RemoteTestNG.java:91)
]]>
    </failure>
  </testcase> <!-- regsiterUser -->
  <testcase classname="testWithAuthentication.CreateObjectWithCollection" name="createObject_Collection" time="0.443"/>
  <testcase classname="tests.CreateObject" name="createObject" time="0.448"/>
  <testcase classname="tests.DeleteObject" name="deleteObject" time="0.514"/>
  <testcase classname="tests.CreateObject" name="createObject_WithoutName" time="0.442"/>
  <testcase classname="testWithAuthentication.UpdateObjectWithCollection" name="updateObject_Collection" time="0.431"/>
  <testcase classname="testWithAuthentication.DeleteObjectWithCollection" name="deleteObject_Collection" time="0.428"/>
  <testcase classname="testWithAuthentication.GetCollections" name="getCollections" time="0.441"/>
  <testcase classname="testWithAuthentication.GetCollectionObjects" name="getObjects" time="0.344"/>
  <testcase classname="tests.GetObjectsById" name="getObjectsById" time="0.924"/>
</testsuite> <!-- Default test -->
