<?xml version="1.0" encoding="UTF-8"?>
<testng-results ignored="0" total="1" passed="1" failed="0" skipped="0">
  <reporter-output>
  </reporter-output>
  <suite started-at="2025-11-19T12:17:24 IST" name="Default suite" finished-at="2025-11-19T12:17:30 IST" duration-ms="6333">
    <groups>
    </groups>
    <test started-at="2025-11-19T12:17:24 IST" name="Default test" finished-at="2025-11-19T12:17:30 IST" duration-ms="6333">
      <class name="category_ReqResp.GetCategory">
        <test-method is-config="true" signature="setUp()[pri:0, instance:category_ReqResp.GetCategory@7b98f307]" started-at="2025-11-19T12:17:24 IST" name="setUp" finished-at="2025-11-19T12:17:25 IST" duration-ms="878" status="PASS">
          <reporter-output>
          </reporter-output>
        </test-method> <!-- setUp -->
        <test-method is-config="true" signature="response_SetUp()[pri:0, instance:category_ReqResp.GetCategory@7b98f307]" started-at="2025-11-19T12:17:25 IST" name="response_SetUp" finished-at="2025-11-19T12:17:25 IST" duration-ms="337" status="PASS">
          <reporter-output>
          </reporter-output>
        </test-method> <!-- response_SetUp -->
        <test-method signature="get_Subcategory()[pri:0, instance:category_ReqResp.GetCategory@7b98f307]" started-at="2025-11-19T12:17:25 IST" name="get_Subcategory" finished-at="2025-11-19T12:17:30 IST" duration-ms="5039" status="PASS">
          <reporter-output>
          </reporter-output>
        </test-method> <!-- get_Subcategory -->
      </class> <!-- category_ReqResp.GetCategory -->
    </test> <!-- Default test -->
  </suite> <!-- Default suite -->
</testng-results>
