<?xml version="1.0" encoding="UTF-8"?>
<testng-results ignored="0" total="1" passed="1" failed="0" skipped="0">
  <reporter-output>
  </reporter-output>
  <suite started-at="2025-12-18T12:03:52 IST" name="Default suite" finished-at="2025-12-18T12:03:59 IST" duration-ms="6781">
    <groups>
    </groups>
    <test started-at="2025-12-18T12:03:52 IST" name="Default test" finished-at="2025-12-18T12:03:59 IST" duration-ms="6781">
      <class name="reqResp.GetProfile">
        <test-method is-config="true" signature="baseSetup()[pri:0, instance:reqResp.GetProfile@6b2ea799]" started-at="2025-12-18T12:03:52 IST" name="baseSetup" finished-at="2025-12-18T12:03:53 IST" duration-ms="762" status="PASS">
          <reporter-output>
          </reporter-output>
        </test-method> <!-- baseSetup -->
        <test-method signature="GetProfileUser()[pri:0, instance:reqResp.GetProfile@6b2ea799]" started-at="2025-12-18T12:03:53 IST" name="GetProfileUser" finished-at="2025-12-18T12:03:59 IST" duration-ms="5951" status="PASS">
          <reporter-output>
          </reporter-output>
        </test-method> <!-- GetProfileUser -->
      </class> <!-- reqResp.GetProfile -->
    </test> <!-- Default test -->
  </suite> <!-- Default suite -->
</testng-results>
