<?xml version="1.0" encoding="UTF-8"?>
<testng-results ignored="0" total="2" passed="2" failed="0" skipped="0">
  <reporter-output>
  </reporter-output>
  <suite started-at="2026-05-09T12:45:53 IST" name="Default suite" finished-at="2026-05-09T12:45:58 IST" duration-ms="5608">
    <groups>
    </groups>
    <test started-at="2026-05-09T12:45:53 IST" name="Default test" finished-at="2026-05-09T12:45:58 IST" duration-ms="5608">
      <class name="tests.CreateObjectMultiple">
        <test-method is-config="true" signature="base_SetUp()[pri:0, instance:tests.CreateObjectMultiple@14cd1699]" started-at="2026-05-09T12:45:53 IST" name="base_SetUp" finished-at="2026-05-09T12:45:54 IST" duration-ms="786" status="PASS">
          <reporter-output>
          </reporter-output>
        </test-method> <!-- base_SetUp -->
        <test-method signature="createObject(requestData.CreateRequest)[pri:0, instance:tests.CreateObjectMultiple@14cd1699]" started-at="2026-05-09T12:45:54 IST" name="createObject" data-provider="TestData" finished-at="2026-05-09T12:45:58 IST" duration-ms="4726" status="PASS">
          <params>
            <param index="0">
              <value>
                <![CDATA[requestData.CreateRequest@3ea27e80]]>
              </value>
            </param>
          </params>
          <reporter-output>
          </reporter-output>
        </test-method> <!-- createObject -->
        <test-method signature="createObject(requestData.CreateRequest)[pri:0, instance:tests.CreateObjectMultiple@14cd1699]" started-at="2026-05-09T12:45:54 IST" name="createObject" data-provider="TestData" finished-at="2026-05-09T12:45:58 IST" duration-ms="4721" status="PASS">
          <params>
            <param index="0">
              <value>
                <![CDATA[requestData.CreateRequest@7614de98]]>
              </value>
            </param>
          </params>
          <reporter-output>
          </reporter-output>
        </test-method> <!-- createObject -->
      </class> <!-- tests.CreateObjectMultiple -->
    </test> <!-- Default test -->
  </suite> <!-- Default suite -->
</testng-results>
